%!Adobe-FontList 1.24
%Locale:0x409

%BeginFont
Handler:DirectoryHandler
FontType:TrueType
FontName:Poppins-Bold
FamilyName:Poppins
StyleName:Bold
FullName:Poppins Bold
MenuName:Poppins
StyleBits:2
WritingScript:Roman
OutlineFileName:C:\Users\andre\Desktop\Universidade\Pasta Trabalho Escrito\Document fonts\Poppins-Bold.ttf
DataFormat:sfntData
hasSVG:no
hasCOLR:no
VariableFontType:NonVariableFont
FileLength:153944
FileModTime:1725487880
WeightClass:700
WidthClass:5
AngleClass:0
NameArray:0,Win,1,Poppins
%EndFont

%BeginFont
Handler:DirectoryHandler
FontType:TrueType
FontName:Poppins-BoldItalic
FamilyName:Poppins
StyleName:Bold Italic
FullName:Poppins Bold Italic
MenuName:Poppins
StyleBits:3
WritingScript:Roman
OutlineFileName:C:\Users\andre\Desktop\Universidade\Pasta Trabalho Escrito\Document fonts\Poppins-BoldItalic.ttf
DataFormat:sfntData
hasSVG:no
hasCOLR:no
VariableFontType:NonVariableFont
FileLength:176588
FileModTime:1725487880
WeightClass:700
WidthClass:5
AngleClass:1
NameArray:0,Win,1,Poppins
%EndFont

%BeginFont
Handler:DirectoryHandler
FontType:TrueType
FontName:Poppins-ExtraBold
FamilyName:Poppins
StyleName:ExtraBold
FullName:Poppins ExtraBold
MenuName:Poppins ExtraBold
StyleBits:0
WritingScript:Roman
OutlineFileName:C:\Users\andre\Desktop\Universidade\Pasta Trabalho Escrito\Document fonts\Poppins-ExtraBold.ttf
DataFormat:sfntData
hasSVG:no
hasCOLR:no
VariableFontType:NonVariableFont
FileLength:152764
FileModTime:1725487880
WeightClass:800
WidthClass:5
AngleClass:0
NameArray:0,Win,1,Poppins ExtraBold
NameArray:0,Win,16,Poppins
%EndFont

%BeginFont
Handler:DirectoryHandler
FontType:TrueType
FontName:Poppins-Italic
FamilyName:Poppins
StyleName:Italic
FullName:Poppins Italic
MenuName:Poppins
StyleBits:1
WritingScript:Roman
OutlineFileName:C:\Users\andre\Desktop\Universidade\Pasta Trabalho Escrito\Document fonts\Poppins-Italic.ttf
DataFormat:sfntData
hasSVG:no
hasCOLR:no
VariableFontType:NonVariableFont
FileLength:182012
FileModTime:1725487880
WeightClass:400
WidthClass:5
AngleClass:1
NameArray:0,Win,1,Poppins
%EndFont

%BeginFont
Handler:DirectoryHandler
FontType:TrueType
FontName:Poppins-Light
FamilyName:Poppins
StyleName:Light
FullName:Poppins Light
MenuName:Poppins Light
StyleBits:0
WritingScript:Roman
OutlineFileName:C:\Users\andre\Desktop\Universidade\Pasta Trabalho Escrito\Document fonts\Poppins-Light.ttf
DataFormat:sfntData
hasSVG:no
hasCOLR:no
VariableFontType:NonVariableFont
FileLength:159892
FileModTime:1725487880
WeightClass:300
WidthClass:5
AngleClass:0
NameArray:0,Win,1,Poppins Light
NameArray:0,Win,16,Poppins
%EndFont

%BeginFont
Handler:DirectoryHandler
FontType:TrueType
FontName:Poppins-LightItalic
FamilyName:Poppins
StyleName:Light Italic
FullName:Poppins Light Italic
MenuName:Poppins Light
StyleBits:1
WritingScript:Roman
OutlineFileName:C:\Users\andre\Desktop\Universidade\Pasta Trabalho Escrito\Document fonts\Poppins-LightItalic.ttf
DataFormat:sfntData
hasSVG:no
hasCOLR:no
VariableFontType:NonVariableFont
FileLength:184460
FileModTime:1725487880
WeightClass:300
WidthClass:5
AngleClass:1
NameArray:0,Win,1,Poppins Light
NameArray:0,Win,16,Poppins
%EndFont

%BeginFont
Handler:DirectoryHandler
FontType:TrueType
FontName:Poppins-Regular
FamilyName:Poppins
StyleName:Regular
FullName:Poppins Regular
MenuName:Poppins
StyleBits:0
WritingScript:Roman
OutlineFileName:C:\Users\andre\Desktop\Universidade\Pasta Trabalho Escrito\Document fonts\Poppins-Regular.ttf
DataFormat:sfntData
hasSVG:no
hasCOLR:no
VariableFontType:NonVariableFont
FileLength:158240
FileModTime:1725487880
WeightClass:400
WidthClass:5
AngleClass:0
NameArray:0,Win,1,Poppins
%EndFont

%BeginFont
Handler:DirectoryHandler
FontType:TrueType
FontName:Poppins-SemiBold
FamilyName:Poppins
StyleName:SemiBold
FullName:Poppins SemiBold
MenuName:Poppins SemiBold
StyleBits:0
WritingScript:Roman
OutlineFileName:C:\Users\andre\Desktop\Universidade\Pasta Trabalho Escrito\Document fonts\Poppins-SemiBold.ttf
DataFormat:sfntData
hasSVG:no
hasCOLR:no
VariableFontType:NonVariableFont
FileLength:155232
FileModTime:1725487880
WeightClass:600
WidthClass:5
AngleClass:0
NameArray:0,Win,1,Poppins SemiBold
NameArray:0,Win,16,Poppins
%EndFont

%BeginFont
Handler:DirectoryHandler
FontType:TrueType
FontName:Poppins-SemiBoldItalic
FamilyName:Poppins
StyleName:SemiBold Italic
FullName:Poppins SemiBold Italic
MenuName:Poppins SemiBold
StyleBits:1
WritingScript:Roman
OutlineFileName:C:\Users\andre\Desktop\Universidade\Pasta Trabalho Escrito\Document fonts\Poppins-SemiBoldItalic.ttf
DataFormat:sfntData
hasSVG:no
hasCOLR:no
VariableFontType:NonVariableFont
FileLength:178584
FileModTime:1725487880
WeightClass:600
WidthClass:5
AngleClass:1
NameArray:0,Win,1,Poppins SemiBold
NameArray:0,Win,16,Poppins
%EndFont

%BeginFont
Handler:DirectoryHandler
FontType:TrueType
FontName:Poppins-Thin
FamilyName:Poppins
StyleName:Thin
FullName:Poppins Thin
MenuName:Poppins Thin
StyleBits:0
WritingScript:Roman
OutlineFileName:C:\Users\andre\Desktop\Universidade\Pasta Trabalho Escrito\Document fonts\Poppins-Thin.ttf
DataFormat:sfntData
hasSVG:no
hasCOLR:no
VariableFontType:NonVariableFont
FileLength:161652
FileModTime:1725487880
WeightClass:250
WidthClass:5
AngleClass:0
NameArray:0,Win,1,Poppins Thin
NameArray:0,Win,16,Poppins
%EndFont

