%!Adobe-FontList 1.24
%Locale:0x409

%BeginFont
Handler:DirectoryHandler
FontType:TrueType
FontName:Poppins-Bold
FamilyName:Poppins
StyleName:Bold
FullName:Poppins Bold
MenuName:Poppins
StyleBits:2
WritingScript:Roman
OutlineFileName:C:\Users\andre\Desktop\[Finalizado] Projeto Teoria do Design\Document fonts\Poppins-Bold.ttf
DataFormat:sfntData
hasSVG:no
hasCOLR:no
VariableFontType:NonVariableFont
FileLength:153944
FileModTime:1725487880
WeightClass:700
WidthClass:5
AngleClass:0
NameArray:0,Win,1,Poppins
%EndFont

%BeginFont
Handler:DirectoryHandler
FontType:TrueType
FontName:Poppins-Medium
FamilyName:Poppins
StyleName:Medium
FullName:Poppins Medium
MenuName:Poppins Medium
StyleBits:0
WritingScript:Roman
OutlineFileName:C:\Users\andre\Desktop\[Finalizado] Projeto Teoria do Design\Document fonts\Poppins-Medium.ttf
DataFormat:sfntData
hasSVG:no
hasCOLR:no
VariableFontType:NonVariableFont
FileLength:156520
FileModTime:1725487880
WeightClass:500
WidthClass:5
AngleClass:0
NameArray:0,Win,1,Poppins Medium
NameArray:0,Win,16,Poppins
%EndFont

%BeginFont
Handler:DirectoryHandler
FontType:TrueType
FontName:Poppins-Regular
FamilyName:Poppins
StyleName:Regular
FullName:Poppins Regular
MenuName:Poppins
StyleBits:0
WritingScript:Roman
OutlineFileName:C:\Users\andre\Desktop\[Finalizado] Projeto Teoria do Design\Document fonts\Poppins-Regular.ttf
DataFormat:sfntData
hasSVG:no
hasCOLR:no
VariableFontType:NonVariableFont
FileLength:158240
FileModTime:1725487880
WeightClass:400
WidthClass:5
AngleClass:0
NameArray:0,Win,1,Poppins
%EndFont

%BeginFont
Handler:DirectoryHandler
FontType:TrueType
FontName:Poppins-SemiBold
FamilyName:Poppins
StyleName:SemiBold
FullName:Poppins SemiBold
MenuName:Poppins SemiBold
StyleBits:0
WritingScript:Roman
OutlineFileName:C:\Users\andre\Desktop\[Finalizado] Projeto Teoria do Design\Document fonts\Poppins-SemiBold.ttf
DataFormat:sfntData
hasSVG:no
hasCOLR:no
VariableFontType:NonVariableFont
FileLength:155232
FileModTime:1725487880
WeightClass:600
WidthClass:5
AngleClass:0
NameArray:0,Win,1,Poppins SemiBold
NameArray:0,Win,16,Poppins
%EndFont

